100.11.23 19:25 B C:\ctte_ric\1.4.8\sorgenti\CtteJDK1.3\IMAGES\abstraction.gif --> mercurio /mnt/netdisk/CTTE/1.4.8/sorgenti/CtteJDK1.3/IMAGES abstraction.gif
100.11.23 19:25 B C:\ctte_ric\1.4.8\sorgenti\CtteJDK1.3\IMAGES\abstractionico.gif --> mercurio /mnt/netdisk/CTTE/1.4.8/sorgenti/CtteJDK1.3/IMAGES abstractionico.gif
100.11.23 19:25 B C:\ctte_ric\1.4.8\sorgenti\CtteJDK1.3\IMAGES\application.gif --> mercurio /mnt/netdisk/CTTE/1.4.8/sorgenti/CtteJDK1.3/IMAGES application.gif
100.11.23 19:25 B C:\ctte_ric\1.4.8\sorgenti\CtteJDK1.3\IMAGES\applicationico.gif --> mercurio /mnt/netdisk/CTTE/1.4.8/sorgenti/CtteJDK1.3/IMAGES applicationico.gif
100.11.23 19:25 B C:\ctte_ric\1.4.8\sorgenti\CtteJDK1.3\IMAGES\arrow.gif --> mercurio /mnt/netdisk/CTTE/1.4.8/sorgenti/CtteJDK1.3/IMAGES arrow.gif
100.11.23 19:25 B C:\ctte_ric\1.4.8\sorgenti\CtteJDK1.3\IMAGES\arrowdown.gif --> mercurio /mnt/netdisk/CTTE/1.4.8/sorgenti/CtteJDK1.3/IMAGES arrowdown.gif
100.11.23 19:25 B C:\ctte_ric\1.4.8\sorgenti\CtteJDK1.3\IMAGES\arrowico.gif --> mercurio /mnt/netdisk/CTTE/1.4.8/sorgenti/CtteJDK1.3/IMAGES arrowico.gif
100.11.23 19:25 B C:\ctte_ric\1.4.8\sorgenti\CtteJDK1.3\IMAGES\arrowleft.gif --> mercurio /mnt/netdisk/CTTE/1.4.8/sorgenti/CtteJDK1.3/IMAGES arrowleft.gif
100.11.23 19:25 B C:\ctte_ric\1.4.8\sorgenti\CtteJDK1.3\IMAGES\bold.gif --> mercurio /mnt/netdisk/CTTE/1.4.8/sorgenti/CtteJDK1.3/IMAGES bold.gif
100.11.23 19:25 B C:\ctte_ric\1.4.8\sorgenti\CtteJDK1.3\IMAGES\check.gif --> mercurio /mnt/netdisk/CTTE/1.4.8/sorgenti/CtteJDK1.3/IMAGES check.gif
100.11.23 19:25 B C:\ctte_ric\1.4.8\sorgenti\CtteJDK1.3\IMAGES\choice.gif --> mercurio /mnt/netdisk/CTTE/1.4.8/sorgenti/CtteJDK1.3/IMAGES choice.gif
100.11.23 19:25 B C:\ctte_ric\1.4.8\sorgenti\CtteJDK1.3\IMAGES\clock.gif --> mercurio /mnt/netdisk/CTTE/1.4.8/sorgenti/CtteJDK1.3/IMAGES clock.gif
100.11.23 19:25 B C:\ctte_ric\1.4.8\sorgenti\CtteJDK1.3\IMAGES\cnr.gif --> mercurio /mnt/netdisk/CTTE/1.4.8/sorgenti/CtteJDK1.3/IMAGES cnr.gif
100.11.23 19:25 B C:\ctte_ric\1.4.8\sorgenti\CtteJDK1.3\IMAGES\comboabstraction.gif --> mercurio /mnt/netdisk/CTTE/1.4.8/sorgenti/CtteJDK1.3/IMAGES comboabstraction.gif
100.11.23 19:25 B C:\ctte_ric\1.4.8\sorgenti\CtteJDK1.3\IMAGES\comboapplication.gif --> mercurio /mnt/netdisk/CTTE/1.4.8/sorgenti/CtteJDK1.3/IMAGES comboapplication.gif
100.11.23 19:25 B C:\ctte_ric\1.4.8\sorgenti\CtteJDK1.3\IMAGES\combocooperation.gif --> mercurio /mnt/netdisk/CTTE/1.4.8/sorgenti/CtteJDK1.3/IMAGES combocooperation.gif
100.11.23 19:25 B C:\ctte_ric\1.4.8\sorgenti\CtteJDK1.3\IMAGES\combointeraction.gif --> mercurio /mnt/netdisk/CTTE/1.4.8/sorgenti/CtteJDK1.3/IMAGES combointeraction.gif
100.11.23 19:25 B C:\ctte_ric\1.4.8\sorgenti\CtteJDK1.3\IMAGES\combouser.gif --> mercurio /mnt/netdisk/CTTE/1.4.8/sorgenti/CtteJDK1.3/IMAGES combouser.gif
100.11.23 19:25 B C:\ctte_ric\1.4.8\sorgenti\CtteJDK1.3\IMAGES\comparebutton.gif --> mercurio /mnt/netdisk/CTTE/1.4.8/sorgenti/CtteJDK1.3/IMAGES comparebutton.gif
100.11.23 19:25 B C:\ctte_ric\1.4.8\sorgenti\CtteJDK1.3\IMAGES\cooperation.gif --> mercurio /mnt/netdisk/CTTE/1.4.8/sorgenti/CtteJDK1.3/IMAGES cooperation.gif
100.11.23 19:25 B C:\ctte_ric\1.4.8\sorgenti\CtteJDK1.3\IMAGES\cooperationico.gif --> mercurio /mnt/netdisk/CTTE/1.4.8/sorgenti/CtteJDK1.3/IMAGES cooperationico.gif
100.11.23 19:25 B C:\ctte_ric\1.4.8\sorgenti\CtteJDK1.3\IMAGES\copy.gif --> mercurio /mnt/netdisk/CTTE/1.4.8/sorgenti/CtteJDK1.3/IMAGES copy.gif
100.11.23 19:25 B C:\ctte_ric\1.4.8\sorgenti\CtteJDK1.3\IMAGES\cut.gif --> mercurio /mnt/netdisk/CTTE/1.4.8/sorgenti/CtteJDK1.3/IMAGES cut.gif
100.11.23 19:25 B C:\ctte_ric\1.4.8\sorgenti\CtteJDK1.3\IMAGES\cutall.gif --> mercurio /mnt/netdisk/CTTE/1.4.8/sorgenti/CtteJDK1.3/IMAGES cutall.gif
100.11.23 19:25 B C:\ctte_ric\1.4.8\sorgenti\CtteJDK1.3\IMAGES\dashelip.gif --> mercurio /mnt/netdisk/CTTE/1.4.8/sorgenti/CtteJDK1.3/IMAGES dashelip.gif
100.11.23 19:25 B C:\ctte_ric\1.4.8\sorgenti\CtteJDK1.3\IMAGES\disabling.gif --> mercurio /mnt/netdisk/CTTE/1.4.8/sorgenti/CtteJDK1.3/IMAGES disabling.gif
100.11.23 19:25 B C:\ctte_ric\1.4.8\sorgenti\CtteJDK1.3\IMAGES\enabling.gif --> mercurio /mnt/netdisk/CTTE/1.4.8/sorgenti/CtteJDK1.3/IMAGES enabling.gif
100.11.23 19:25 B C:\ctte_ric\1.4.8\sorgenti\CtteJDK1.3\IMAGES\enablinginfo.gif --> mercurio /mnt/netdisk/CTTE/1.4.8/sorgenti/CtteJDK1.3/IMAGES enablinginfo.gif
100.11.23 19:25 B C:\ctte_ric\1.4.8\sorgenti\CtteJDK1.3\IMAGES\fullsincro.gif --> mercurio /mnt/netdisk/CTTE/1.4.8/sorgenti/CtteJDK1.3/IMAGES fullsincro.gif
100.11.23 19:25 B C:\ctte_ric\1.4.8\sorgenti\CtteJDK1.3\IMAGES\helip.gif --> mercurio /mnt/netdisk/CTTE/1.4.8/sorgenti/CtteJDK1.3/IMAGES helip.gif
100.11.23 19:25 B C:\ctte_ric\1.4.8\sorgenti\CtteJDK1.3\IMAGES\hide.gif --> mercurio /mnt/netdisk/CTTE/1.4.8/sorgenti/CtteJDK1.3/IMAGES hide.gif
100.11.23 19:25 B C:\ctte_ric\1.4.8\sorgenti\CtteJDK1.3\IMAGES\history.gif --> mercurio /mnt/netdisk/CTTE/1.4.8/sorgenti/CtteJDK1.3/IMAGES history.gif
100.11.23 19:25 B C:\ctte_ric\1.4.8\sorgenti\CtteJDK1.3\IMAGES\interaction.gif --> mercurio /mnt/netdisk/CTTE/1.4.8/sorgenti/CtteJDK1.3/IMAGES interaction.gif
100.11.23 19:25 B C:\ctte_ric\1.4.8\sorgenti\CtteJDK1.3\IMAGES\interactionico.gif --> mercurio /mnt/netdisk/CTTE/1.4.8/sorgenti/CtteJDK1.3/IMAGES interactionico.gif
100.11.23 19:25 B C:\ctte_ric\1.4.8\sorgenti\CtteJDK1.3\IMAGES\interleave.gif --> mercurio /mnt/netdisk/CTTE/1.4.8/sorgenti/CtteJDK1.3/IMAGES interleave.gif
100.11.23 19:25 B C:\ctte_ric\1.4.8\sorgenti\CtteJDK1.3\IMAGES\iterative.gif --> mercurio /mnt/netdisk/CTTE/1.4.8/sorgenti/CtteJDK1.3/IMAGES iterative.gif
100.11.23 19:25 B C:\ctte_ric\1.4.8\sorgenti\CtteJDK1.3\IMAGES\justify.gif --> mercurio /mnt/netdisk/CTTE/1.4.8/sorgenti/CtteJDK1.3/IMAGES justify.gif
100.11.23 19:25 B C:\ctte_ric\1.4.8\sorgenti\CtteJDK1.3\IMAGES\leftarrow.gif --> mercurio /mnt/netdisk/CTTE/1.4.8/sorgenti/CtteJDK1.3/IMAGES leftarrow.gif
100.11.23 19:25 B C:\ctte_ric\1.4.8\sorgenti\CtteJDK1.3\IMAGES\level.gif --> mercurio /mnt/netdisk/CTTE/1.4.8/sorgenti/CtteJDK1.3/IMAGES level.gif
100.11.23 19:25 B C:\ctte_ric\1.4.8\sorgenti\CtteJDK1.3\IMAGES\new.gif --> mercurio /mnt/netdisk/CTTE/1.4.8/sorgenti/CtteJDK1.3/IMAGES new.gif
100.11.23 19:25 B C:\ctte_ric\1.4.8\sorgenti\CtteJDK1.3\IMAGES\open.gif --> mercurio /mnt/netdisk/CTTE/1.4.8/sorgenti/CtteJDK1.3/IMAGES open.gif
100.11.23 19:25 B C:\ctte_ric\1.4.8\sorgenti\CtteJDK1.3\IMAGES\optional.gif --> mercurio /mnt/netdisk/CTTE/1.4.8/sorgenti/CtteJDK1.3/IMAGES optional.gif
100.11.23 19:25 B C:\ctte_ric\1.4.8\sorgenti\CtteJDK1.3\IMAGES\oval.gif --> mercurio /mnt/netdisk/CTTE/1.4.8/sorgenti/CtteJDK1.3/IMAGES oval.gif
100.11.23 19:25 B C:\ctte_ric\1.4.8\sorgenti\CtteJDK1.3\IMAGES\paste.gif --> mercurio /mnt/netdisk/CTTE/1.4.8/sorgenti/CtteJDK1.3/IMAGES paste.gif
100.11.23 19:25 B C:\ctte_ric\1.4.8\sorgenti\CtteJDK1.3\IMAGES\pat.gif --> mercurio /mnt/netdisk/CTTE/1.4.8/sorgenti/CtteJDK1.3/IMAGES pat.gif
100.11.23 19:25 B C:\ctte_ric\1.4.8\sorgenti\CtteJDK1.3\IMAGES\perform.gif --> mercurio /mnt/netdisk/CTTE/1.4.8/sorgenti/CtteJDK1.3/IMAGES perform.gif
100.11.23 19:25 B C:\ctte_ric\1.4.8\sorgenti\CtteJDK1.3\IMAGES\point.gif --> mercurio /mnt/netdisk/CTTE/1.4.8/sorgenti/CtteJDK1.3/IMAGES point.gif
100.11.23 19:25 B C:\ctte_ric\1.4.8\sorgenti\CtteJDK1.3\IMAGES\poligon.gif --> mercurio /mnt/netdisk/CTTE/1.4.8/sorgenti/CtteJDK1.3/IMAGES poligon.gif
100.11.23 19:25 B C:\ctte_ric\1.4.8\sorgenti\CtteJDK1.3\IMAGES\print.gif --> mercurio /mnt/netdisk/CTTE/1.4.8/sorgenti/CtteJDK1.3/IMAGES print.gif
100.11.23 19:25 B C:\ctte_ric\1.4.8\sorgenti\CtteJDK1.3\IMAGES\properties.gif --> mercurio /mnt/netdisk/CTTE/1.4.8/sorgenti/CtteJDK1.3/IMAGES properties.gif
100.11.23 19:25 B C:\ctte_ric\1.4.8\sorgenti\CtteJDK1.3\IMAGES\rect.gif --> mercurio /mnt/netdisk/CTTE/1.4.8/sorgenti/CtteJDK1.3/IMAGES rect.gif
100.11.23 19:25 B C:\ctte_ric\1.4.8\sorgenti\CtteJDK1.3\IMAGES\redo.gif --> mercurio /mnt/netdisk/CTTE/1.4.8/sorgenti/CtteJDK1.3/IMAGES redo.gif
100.11.23 19:25 B C:\ctte_ric\1.4.8\sorgenti\CtteJDK1.3\IMAGES\redodis.gif --> mercurio /mnt/netdisk/CTTE/1.4.8/sorgenti/CtteJDK1.3/IMAGES redodis.gif
100.11.23 19:25 B C:\ctte_ric\1.4.8\sorgenti\CtteJDK1.3\IMAGES\rightarrow.gif --> mercurio /mnt/netdisk/CTTE/1.4.8/sorgenti/CtteJDK1.3/IMAGES rightarrow.gif
100.11.23 19:25 B C:\ctte_ric\1.4.8\sorgenti\CtteJDK1.3\IMAGES\rise.gif --> mercurio /mnt/netdisk/CTTE/1.4.8/sorgenti/CtteJDK1.3/IMAGES rise.gif
100.11.23 19:25 B C:\ctte_ric\1.4.8\sorgenti\CtteJDK1.3\IMAGES\save.gif --> mercurio /mnt/netdisk/CTTE/1.4.8/sorgenti/CtteJDK1.3/IMAGES save.gif
100.11.23 19:25 B C:\ctte_ric\1.4.8\sorgenti\CtteJDK1.3\IMAGES\savegif.gif --> mercurio /mnt/netdisk/CTTE/1.4.8/sorgenti/CtteJDK1.3/IMAGES savegif.gif
100.11.23 19:25 B C:\ctte_ric\1.4.8\sorgenti\CtteJDK1.3\IMAGES\sincro.gif --> mercurio /mnt/netdisk/CTTE/1.4.8/sorgenti/CtteJDK1.3/IMAGES sincro.gif
100.11.23 19:25 B C:\ctte_ric\1.4.8\sorgenti\CtteJDK1.3\IMAGES\stop.gif --> mercurio /mnt/netdisk/CTTE/1.4.8/sorgenti/CtteJDK1.3/IMAGES stop.gif
100.11.23 19:25 B C:\ctte_ric\1.4.8\sorgenti\CtteJDK1.3\IMAGES\suspend.gif --> mercurio /mnt/netdisk/CTTE/1.4.8/sorgenti/CtteJDK1.3/IMAGES suspend.gif
100.11.23 19:25 B C:\ctte_ric\1.4.8\sorgenti\CtteJDK1.3\IMAGES\undo.gif --> mercurio /mnt/netdisk/CTTE/1.4.8/sorgenti/CtteJDK1.3/IMAGES undo.gif
100.11.23 19:25 B C:\ctte_ric\1.4.8\sorgenti\CtteJDK1.3\IMAGES\undodis.gif --> mercurio /mnt/netdisk/CTTE/1.4.8/sorgenti/CtteJDK1.3/IMAGES undodis.gif
100.11.23 19:25 B C:\ctte_ric\1.4.8\sorgenti\CtteJDK1.3\IMAGES\unrise.gif --> mercurio /mnt/netdisk/CTTE/1.4.8/sorgenti/CtteJDK1.3/IMAGES unrise.gif
100.11.23 19:25 B C:\ctte_ric\1.4.8\sorgenti\CtteJDK1.3\IMAGES\user.gif --> mercurio /mnt/netdisk/CTTE/1.4.8/sorgenti/CtteJDK1.3/IMAGES user.gif
100.11.23 19:25 B C:\ctte_ric\1.4.8\sorgenti\CtteJDK1.3\IMAGES\userico.gif --> mercurio /mnt/netdisk/CTTE/1.4.8/sorgenti/CtteJDK1.3/IMAGES userico.gif
100.11.23 19:25 B C:\ctte_ric\1.4.8\sorgenti\CtteJDK1.3\IMAGES\zoom.gif --> mercurio /mnt/netdisk/CTTE/1.4.8/sorgenti/CtteJDK1.3/IMAGES zoom.gif
100.11.23 19:25 B C:\ctte_ric\1.4.8\sorgenti\CtteJDK1.3\IMAGES\zoomin.gif --> mercurio /mnt/netdisk/CTTE/1.4.8/sorgenti/CtteJDK1.3/IMAGES zoomin.gif
100.11.23 19:25 B C:\ctte_ric\1.4.8\sorgenti\CtteJDK1.3\IMAGES\zoomout.gif --> mercurio /mnt/netdisk/CTTE/1.4.8/sorgenti/CtteJDK1.3/IMAGES zoomout.gif
